<?xml version="1.0" encoding="UTF-8"?>
<testng-results ignored="0" total="1" passed="1" failed="0" skipped="0">
  <reporter-output>
  </reporter-output>
  <suite started-at="2023-08-26T16:00:45 IST" name="Default suite" finished-at="2023-08-26T16:00:58 IST" duration-ms="13195">
    <groups>
    </groups>
    <test started-at="2023-08-26T16:00:45 IST" name="Default test" finished-at="2023-08-26T16:00:58 IST" duration-ms="13195">
      <class name="Students.Actions_Demo">
        <test-method is-config="true" signature="setup()[pri:0, instance:Students.Actions_Demo@145f66e3]" started-at="2023-08-26T16:00:45 IST" name="setup" finished-at="2023-08-26T16:00:57 IST" duration-ms="11808" status="PASS">
          <reporter-output>
          </reporter-output>
        </test-method> <!-- setup -->
        <test-method signature="DoubleclickTest()[pri:0, instance:Students.Actions_Demo@145f66e3]" started-at="2023-08-26T16:00:57 IST" name="DoubleclickTest" finished-at="2023-08-26T16:00:58 IST" duration-ms="1304" status="PASS">
          <reporter-output>
          </reporter-output>
        </test-method> <!-- DoubleclickTest -->
      </class> <!-- Students.Actions_Demo -->
    </test> <!-- Default test -->
  </suite> <!-- Default suite -->
</testng-results>
